Determining if the include file argz.h exists failed with the following output:
Change Dir: /Users/lipa/fractalstream/external/FractalStreamCompiler/external/llvm/CMakeFiles/CMakeTmp

Run Build Command:/usr/local/bin/cmakexbuild -project CMAKE_TRY_COMPILE.xcodeproj build -target cmTryCompileExec3646586153 -configuration Debug
=== BUILD NATIVE TARGET cmTryCompileExec3646586153 OF PROJECT CMAKE_TRY_COMPILE WITH CONFIGURATION Debug ===
Check dependencies

CompileC CMAKE_TRY_COMPILE.build/Debug/cmTryCompileExec3646586153.build/Objects-normal/x86_64/CheckIncludeFile.o CheckIncludeFile.c normal x86_64 c com.apple.compilers.llvm.clang.1_0.compiler
    cd /Users/lipa/fractalstream/external/FractalStreamCompiler/external/llvm/CMakeFiles/CMakeTmp
    /Applications/Xcode.app/Contents/Developer/Toolchains/XcodeDefault.xctoolchain/usr/bin/clang -x c -arch x86_64 -fmessage-length=0 -Wno-trigraphs -fpascal-strings -O0 -Wno-missing-field-initializers -Wno-missing-prototypes -Wno-return-type -Wformat -Wno-missing-braces -Wparentheses -Wswitch -Wno-unused-function -Wno-unused-label -Wno-unused-parameter -Wno-unused-variable -Wunused-value -Wno-uninitialized -Wno-unknown-pragmas -Wno-shadow -Wno-four-char-constants -Wno-sign-compare -Wno-shorten-64-to-32 -Wpointer-sign -Wno-newline-eof "-DCMAKE_INTDIR=\"Debug\"" -isysroot /Applications/Xcode.app/Con** BUILD FAILED **


The following build commands failed:
tents/Developer/Platforms/MacOSX.platform/Developer/SDKs/MacOSX10.7.sdk -fasm-blocks -Wdeprecated-declarations -mmacosx-version-min=10.7 -g -Wno-conversion -Wno-sign-conversion -I/Users/lipa/fractalstream/external/FractalStreamCompiler/external/llvm/CMakeFiles/CMakeTmp/Debug/include -I/Users/lipa/fractalstream/external/FractalStreamCompiler/external/llvm/CMakeFiles/CMakeTmp/CMAKE_TRY_COMPILE.build/Debug/cmTryCompileExec3646586153.build/DerivedSources/x86_64 -I/Users/lipa/fractalstream/external/FractalStreamCompiler/external/llvm/CMakeFiles/CMakeTmp/CMAKE_TRY_COMPILE.build/Debug/cmTryCompileExec3646586153.build/DerivedSources -Wmost -Wno-four-char-constants -Wno-unknown-pragmas -F/Users/lipa/fractalstream/external/FractalStreamCompiler/external/llvm/CMakeFiles/CMakeTmp/Debug -MMD -MT dependencies -MF /Users/lipa/fractalstream/external/FractalStreamCompiler/external/llvm/CMakeFiles/CMakeTmp/CMAKE_TRY_COMPILE.build/Debug/cmTryCompileExec3646586153.build/Objects-normal/x86_64/CheckIncludeFile.d --serialize-diagno	CompileC CMAKE_TRY_COMPILE.build/Debug/cmTryCompileExec3646586153.build/Objects-normal/x86_64/CheckIncludeFile.o CheckIncludeFile.c normal x86_64 c com.apple.compilers.llvm.clang.1_0.compiler
(1 failure)
stics /Users/lipa/fractalstream/external/FractalStreamCompiler/external/llvm/CMakeFiles/CMakeTmp/CMAKE_TRY_COMPILE.build/Debug/cmTryCompileExec3646586153.build/Objects-normal/x86_64/CheckIncludeFile.dia -c /Users/lipa/fractalstream/external/FractalStreamCompiler/external/llvm/CMakeFiles/CMakeTmp/CheckIncludeFile.c -o /Users/lipa/fractalstream/external/FractalStreamCompiler/external/llvm/CMakeFiles/CMakeTmp/CMAKE_TRY_COMPILE.build/Debug/cmTryCompileExec3646586153.build/Objects-normal/x86_64/CheckIncludeFile.o
/Users/lipa/fractalstream/external/FractalStreamCompiler/external/llvm/CMakeFiles/CMakeTmp/CheckIncludeFile.c:1:10: fatal error: 'argz.h' file not found
#include <argz.h>
         ^
1 error generated.




Determining if the include file dl.h exists failed with the following output:
Change Dir: /Users/lipa/fractalstream/external/FractalStreamCompiler/external/llvm/CMakeFiles/CMakeTmp

Run Build Command:/usr/local/bin/cmakexbuild -project CMAKE_TRY_COMPILE.xcodeproj build -target cmTryCompileExec1946804547 -configuration Debug
=== BUILD NATIVE TARGET cmTryCompileExec1946804547 OF PROJECT CMAKE_TRY_COMPILE WITH CONFIGURATION Debug ===
Check dependencies

CompileC CMAKE_TRY_COMPILE.build/Debug/cmTryCompileExec1946804547.build/Objects-normal/x86_64/CheckIncludeFile.o CheckIncludeFile.c normal x86_64 c com.apple.compilers.llvm.clang.1_0.compiler
    cd /Users/lipa/fractalstream/external/FractalStreamCompiler/external/llvm/CMakeFiles/CMakeTmp
    /Applications/Xcode.app/Contents/Developer/Toolchains/XcodeDefault.xctoolchain/usr/bin/clang -x c -arch x86_64 -fmessage-length=0 -Wno-trigraphs -fpascal-strings -O0 -Wno-missing-field-initializers -Wno-missing-prototypes -Wno-return-type -Wformat -Wno-missing-braces -Wparentheses -Wswitch -Wno-unused-function -Wno-unused-label -Wno-unused-parameter -Wno-unused-variable -Wunused-value -Wno-uninitialized -Wno-unknown-pragmas -Wno-shadow -Wno-four-char-constants -Wno-sign-compare -Wno-shorten-64-to-32 -Wpointer-sign -Wno-newline-eof "-DCMAKE_INTDIR=\"Debug\"" -isysroot /Applications/Xcode.app/Con** BUILD FAILED **


The following build commands failed:
	CompileC CMAKE_TRY_COMPILE.build/Debug/cmTryCompileExec1946804547.build/Objects-normal/x86_64/CheckIncludeFile.o CheckIncludeFile.c normal x86_64 c com.apple.compilers.llvm.clang.1_0.compiler
(1 failure)
tents/Developer/Platforms/MacOSX.platform/Developer/SDKs/MacOSX10.7.sdk -fasm-blocks -Wdeprecated-declarations -mmacosx-version-min=10.7 -g -Wno-conversion -Wno-sign-conversion -I/Users/lipa/fractalstream/external/FractalStreamCompiler/external/llvm/CMakeFiles/CMakeTmp/Debug/include -I/Users/lipa/fractalstream/external/FractalStreamCompiler/external/llvm/CMakeFiles/CMakeTmp/CMAKE_TRY_COMPILE.build/Debug/cmTryCompileExec1946804547.build/DerivedSources/x86_64 -I/Users/lipa/fractalstream/external/FractalStreamCompiler/external/llvm/CMakeFiles/CMakeTmp/CMAKE_TRY_COMPILE.build/Debug/cmTryCompileExec1946804547.build/DerivedSources -Wmost -Wno-four-char-constants -Wno-unknown-pragmas -F/Users/lipa/fractalstream/external/FractalStreamCompiler/external/llvm/CMakeFiles/CMakeTmp/Debug -MMD -MT dependencies -MF /Users/lipa/fractalstream/external/FractalStreamCompiler/external/llvm/CMakeFiles/CMakeTmp/CMAKE_TRY_COMPILE.build/Debug/cmTryCompileExec1946804547.build/Objects-normal/x86_64/CheckIncludeFile.d --serialize-diagnostics /Users/lipa/fractalstream/external/FractalStreamCompiler/external/llvm/CMakeFiles/CMakeTmp/CMAKE_TRY_COMPILE.build/Debug/cmTryCompileExec1946804547.build/Objects-normal/x86_64/CheckIncludeFile.dia -c /Users/lipa/fractalstream/external/FractalStreamCompiler/external/llvm/CMakeFiles/CMakeTmp/CheckIncludeFile.c -o /Users/lipa/fractalstream/external/FractalStreamCompiler/external/llvm/CMakeFiles/CMakeTmp/CMAKE_TRY_COMPILE.build/Debug/cmTryCompileExec1946804547.build/Objects-normal/x86_64/CheckIncludeFile.o
/Users/lipa/fractalstream/external/FractalStreamCompiler/external/llvm/CMakeFiles/CMakeTmp/CheckIncludeFile.c:1:10: fatal error: 'dl.h' file not found
#include <dl.h>
         ^
1 error generated.




Determining if the include file dld.h exists failed with the following output:
Change Dir: /Users/lipa/fractalstream/external/FractalStreamCompiler/external/llvm/CMakeFiles/CMakeTmp

Run Build Command:/usr/local/bin/cmakexbuild -project CMAKE_TRY_COMPILE.xcodeproj build -target cmTryCompileExec4213527506 -configuration Debug
=== BUILD NATIVE TARGET cmTryCompileExec4213527506 OF PROJECT CMAKE_TRY_COMPILE WITH CONFIGURATION Debug ===
Check dependencies

CompileC CMAKE_TRY_COMPILE.build/Debug/cmTryCompileExec4213527506.build/Objects-normal/x86_64/CheckIncludeFile.o CheckIncludeFile.c normal x86_64 c com.apple.compilers.llvm.clang.1_0.compiler
    cd /Users/lipa/fractalstream/external/FractalStreamCompiler/external/llvm/CMakeFiles/CMakeTmp
    /Applications/Xcode.app/Contents/Developer/Toolchains/XcodeDefault.xctoolchain/usr/bin/clang -x c -arch x86_64 -fmessage-length=0 -Wno-trigraphs -fpascal-strings -O0 -Wno-missing-field-initializers -Wno-missing-prototypes -Wno-return-type -Wformat -Wno-missing-braces -Wparentheses -Wswitch -Wno-unused-function -Wno-unused-label -Wno-unused-parameter -Wno-unused-variable -Wunused-value -Wno-uninitialized -Wno-unknown-pragmas -Wno-shadow -Wno-four-char-constants -Wno-sign-compare -Wno-shorten-64-to-32 -Wpointer-sign -Wno-newline-eof "-DCMAKE_INTDIR=\"Debug\"" -isysroot /Applications/Xcode.app/Con** BUILD FAILED **


The following build commands failed:
tents/Developer/Platforms/MacOSX.platform/Developer/SDKs/MacOSX10.7.sdk -fasm-blocks -Wdeprecated-declarations -mmacosx-version-min=10.7 -g -Wno-conversion -Wno-sign-conversion -I/Users/lipa/fractalstream/external/FractalStreamCompiler/external/llvm/CMakeFiles/CMakeTmp/Debug/include -I/Users/lipa/fractalstream/external/FractalStreamCompiler/external/llvm/CMakeFiles/CMakeTmp/CMAKE_TRY_COMPILE.build/Debug/cmTryCompileExec4213527506.build/DerivedSources/x86_64 -I/Users/lipa/fractalstream/external/FractalStreamCompiler/external/llvm/CMakeFiles/CMakeTmp/CMAKE_TRY_COMPILE.build/Debug/cmTryCompileExec4213527506.build/DerivedSources -Wmost -Wno-four-char-constants -Wno-unknown-pragmas -F/Users/lipa/fractalstream/external/FractalStreamCompiler/external/llvm/CMakeFiles/CMakeTmp/Debug -MMD -MT dependencies -MF /Users/lipa/fractalstream/external/FractalStreamCompiler/external/llvm/CMakeFiles/CMakeTmp/CMAKE_TRY_COMPILE.build/Debug/cmTryCompileExec4213527506.build/Objects-normal/x86_64/CheckIncludeFile.d --serialize-diagno	CompileC CMAKE_TRY_COMPILE.build/Debug/cmTryCompileExec4213527506.build/Objects-normal/x86_64/CheckIncludeFile.o CheckIncludeFile.c normal x86_64 c com.apple.compilers.llvm.clang.1_0.compiler
(1 failure)
stics /Users/lipa/fractalstream/external/FractalStreamCompiler/external/llvm/CMakeFiles/CMakeTmp/CMAKE_TRY_COMPILE.build/Debug/cmTryCompileExec4213527506.build/Objects-normal/x86_64/CheckIncludeFile.dia -c /Users/lipa/fractalstream/external/FractalStreamCompiler/external/llvm/CMakeFiles/CMakeTmp/CheckIncludeFile.c -o /Users/lipa/fractalstream/external/FractalStreamCompiler/external/llvm/CMakeFiles/CMakeTmp/CMAKE_TRY_COMPILE.build/Debug/cmTryCompileExec4213527506.build/Objects-normal/x86_64/CheckIncludeFile.o
/Users/lipa/fractalstream/external/FractalStreamCompiler/external/llvm/CMakeFiles/CMakeTmp/CheckIncludeFile.c:1:10: fatal error: 'dld.h' file not found
#include <dld.h>
         ^
1 error generated.




Determining if the include file link.h exists failed with the following output:
Change Dir: /Users/lipa/fractalstream/external/FractalStreamCompiler/external/llvm/CMakeFiles/CMakeTmp

Run Build Command:/usr/local/bin/cmakexbuild -project CMAKE_TRY_COMPILE.xcodeproj build -target cmTryCompileExec3425796721 -configuration Debug
=== BUILD NATIVE TARGET cmTryCompileExec3425796721 OF PROJECT CMAKE_TRY_COMPILE WITH CONFIGURATION Debug ===
Check dependencies

CompileC CMAKE_TRY_COMPILE.build/Debug/cmTryCompileExec3425796721.build/Objects-normal/x86_64/CheckIncludeFile.o CheckIncludeFile.c normal x86_64 c com.apple.compilers.llvm.clang.1_0.compiler
    cd /Users/lipa/fractalstream/external/FractalStreamCompiler/external/llvm/CMakeFiles/CMakeTmp
    /Applications/Xcode.app/Contents/Developer/Toolchains/XcodeDefault.xctoolchain/usr/bin/clang -x c -arch x86_64 -fmessage-length=0 -Wno-trigraphs -fpascal-strings -O0 -Wno-missing-field-initializers -Wno-missing-prototypes -Wno-return-type -Wformat -Wno-missing-braces -Wparentheses -Wswitch -Wno-unused-function -Wno-unused-label -Wno-unused-parameter -Wno-unused-variable -Wunused-value -Wno-uninitialized -Wno-unknown-pragmas -Wno-shadow -Wno-four-char-constants -Wno-sign-compare -Wno-shorten-64-to-32 -Wpointer-sign -Wno-newline-eof "-DCMAKE_INTDIR=\"Debug\"" -isysroot /Applications/Xcode.app/Con** BUILD FAILED **


The following build commands failed:
	CompileC CMAKE_TRY_COMPILE.build/Debug/cmTryCompileExec3425796721.build/Objects-normal/x86_64/CheckIncludeFile.o CheckIncludeFile.c normal x86_64 c com.apple.compilers.llvm.clang.1_0.compiler
(1 failure)
tents/Developer/Platforms/MacOSX.platform/Developer/SDKs/MacOSX10.7.sdk -fasm-blocks -Wdeprecated-declarations -mmacosx-version-min=10.7 -g -Wno-conversion -Wno-sign-conversion -I/Users/lipa/fractalstream/external/FractalStreamCompiler/external/llvm/CMakeFiles/CMakeTmp/Debug/include -I/Users/lipa/fractalstream/external/FractalStreamCompiler/external/llvm/CMakeFiles/CMakeTmp/CMAKE_TRY_COMPILE.build/Debug/cmTryCompileExec3425796721.build/DerivedSources/x86_64 -I/Users/lipa/fractalstream/external/FractalStreamCompiler/external/llvm/CMakeFiles/CMakeTmp/CMAKE_TRY_COMPILE.build/Debug/cmTryCompileExec3425796721.build/DerivedSources -Wmost -Wno-four-char-constants -Wno-unknown-pragmas -F/Users/lipa/fractalstream/external/FractalStreamCompiler/external/llvm/CMakeFiles/CMakeTmp/Debug -MMD -MT dependencies -MF /Users/lipa/fractalstream/external/FractalStreamCompiler/external/llvm/CMakeFiles/CMakeTmp/CMAKE_TRY_COMPILE.build/Debug/cmTryCompileExec3425796721.build/Objects-normal/x86_64/CheckIncludeFile.d --serialize-diagnostics /Users/lipa/fractalstream/external/FractalStreamCompiler/external/llvm/CMakeFiles/CMakeTmp/CMAKE_TRY_COMPILE.build/Debug/cmTryCompileExec3425796721.build/Objects-normal/x86_64/CheckIncludeFile.dia -c /Users/lipa/fractalstream/external/FractalStreamCompiler/external/llvm/CMakeFiles/CMakeTmp/CheckIncludeFile.c -o /Users/lipa/fractalstream/external/FractalStreamCompiler/external/llvm/CMakeFiles/CMakeTmp/CMAKE_TRY_COMPILE.build/Debug/cmTryCompileExec3425796721.build/Objects-normal/x86_64/CheckIncludeFile.o
/Users/lipa/fractalstream/external/FractalStreamCompiler/external/llvm/CMakeFiles/CMakeTmp/CheckIncludeFile.c:1:10: fatal error: 'link.h' file not found
#include <link.h>
         ^
1 error generated.




Determining if the include file malloc.h exists failed with the following output:
Change Dir: /Users/lipa/fractalstream/external/FractalStreamCompiler/external/llvm/CMakeFiles/CMakeTmp

Run Build Command:/usr/local/bin/cmakexbuild -project CMAKE_TRY_COMPILE.xcodeproj build -target cmTryCompileExec509597190 -configuration Debug
=== BUILD NATIVE TARGET cmTryCompileExec509597190 OF PROJECT CMAKE_TRY_COMPILE WITH CONFIGURATION Debug ===
Check dependencies

CompileC CMAKE_TRY_COMPILE.build/Debug/cmTryCompileExec509597190.build/Objects-normal/x86_64/CheckIncludeFile.o CheckIncludeFile.c normal x86_64 c com.apple.compilers.llvm.clang.1_0.compiler
    cd /Users/lipa/fractalstream/external/FractalStreamCompiler/external/llvm/CMakeFiles/CMakeTmp
    /Applications/Xcode.app/Contents/Developer/Toolchains/XcodeDefault.xctoolchain/usr/bin/clang -x c -arch x86_64 -fmessage-length=0 -Wno-trigraphs -fpascal-strings -O0 -Wno-missing-field-initializers -Wno-missing-prototypes -Wno-return-type -Wformat -Wno-missing-braces -Wparentheses -Wswitch -Wno-unused-function -Wno-unused-label -Wno-unused-parameter -Wno-unused-variable -Wunused-value -Wno-uninitialized -Wno-unknown-pragmas -Wno-shadow -Wno-four-char-constants -Wno-sign-compare -Wno-shorten-64-to-32 -Wpointer-sign -Wno-newline-eof "-DCMAKE_INTDIR=\"Debug\"" -isysroot /Applications/Xcode.app/Conte** BUILD FAILED **


The following build commands failed:
nts/Developer/Platforms/MacOSX.platform/Developer/SDKs/MacOSX10.7.sdk -fasm-blocks -Wdeprecated-declarations -mmacosx-version-min=10.7 -g -Wno-conversion -Wno-sign-conversion -I/Users/lipa/fractalstream/external/FractalStreamCompiler/external/llvm/CMakeFiles/CMakeTmp/Debug/include -I/Users/lipa/fractalstream/external/FractalStreamCompiler/external/llvm/CMakeFiles/CMakeTmp/CMAKE_TRY_COMPILE.build/Debug/cmTryCompileExec509597190.build/DerivedSources/x86_64 -I/Users/lipa/fractalstream/external/FractalStreamCompiler/external/llvm/CMakeFiles/CMakeTmp/CMAKE_TRY_COMPILE.build/Debug/cmTryCompileExec509597190.build/DerivedSources -Wmost -Wno-four-char-constants -Wno-unknown-pragmas -F/Users/lipa/fractalstream/external/FractalStreamCompiler/external/llvm/CMakeFiles/CMakeTmp/Debug -MMD -MT dependencies -MF /Users/lipa/fractalstream/external/FractalStreamCompiler/external/llvm/CMakeFiles/CMakeTmp/CMAKE_TRY_COMPILE.build/Debug/cmTryCompileExec509597190.build/Objects-normal/x86_64/CheckIncludeFile.d --serialize-diagnostics	CompileC CMAKE_TRY_COMPILE.build/Debug/cmTryCompileExec509597190.build/Objects-normal/x86_64/CheckIncludeFile.o CheckIncludeFile.c normal x86_64 c com.apple.compilers.llvm.clang.1_0.compiler
(1 failure)
 /Users/lipa/fractalstream/external/FractalStreamCompiler/external/llvm/CMakeFiles/CMakeTmp/CMAKE_TRY_COMPILE.build/Debug/cmTryCompileExec509597190.build/Objects-normal/x86_64/CheckIncludeFile.dia -c /Users/lipa/fractalstream/external/FractalStreamCompiler/external/llvm/CMakeFiles/CMakeTmp/CheckIncludeFile.c -o /Users/lipa/fractalstream/external/FractalStreamCompiler/external/llvm/CMakeFiles/CMakeTmp/CMAKE_TRY_COMPILE.build/Debug/cmTryCompileExec509597190.build/Objects-normal/x86_64/CheckIncludeFile.o
/Users/lipa/fractalstream/external/FractalStreamCompiler/external/llvm/CMakeFiles/CMakeTmp/CheckIncludeFile.c:1:10: fatal error: 'malloc.h' file not found
#include <malloc.h>
         ^
1 error generated.




Determining if the include file ndir.h exists failed with the following output:
Change Dir: /Users/lipa/fractalstream/external/FractalStreamCompiler/external/llvm/CMakeFiles/CMakeTmp

Run Build Command:/usr/local/bin/cmakexbuild -project CMAKE_TRY_COMPILE.xcodeproj build -target cmTryCompileExec2091006 -configuration Debug
=== BUILD NATIVE TARGET cmTryCompileExec2091006 OF PROJECT CMAKE_TRY_COMPILE WITH CONFIGURATION Debug ===
Check dependencies

CompileC CMAKE_TRY_COMPILE.build/Debug/cmTryCompileExec2091006.build/Objects-normal/x86_64/CheckIncludeFile.o CheckIncludeFile.c normal x86_64 c com.apple.compilers.llvm.clang.1_0.compiler
    cd /Users/lipa/fractalstream/external/FractalStreamCompiler/external/llvm/CMakeFiles/CMakeTmp
    /Applications/Xcode.app/Contents/Developer/Toolchains/XcodeDefault.xctoolchain/usr/bin/clang -x c -arch x86_64 -fmessage-length=0 -Wno-trigraphs -fpascal-strings -O0 -Wno-missing-field-initializers -Wno-missing-prototypes -Wno-return-type -Wformat -Wno-missing-braces -Wparentheses -Wswitch -Wno-unused-function -Wno-unused-label -Wno-unused-parameter -Wno-unused-variable -Wunused-value -Wno-uninitialized -Wno-unknown-pragmas -Wno-shadow -Wno-four-char-constants -Wno-sign-compare -Wno-shorten-64-to-32 -Wpointer-sign -Wno-newline-eof "-DCMAKE_INTDIR=\"Debug\"" -isysroot /Applications/Xcode.app/Contents/** BUILD FAILED **


The following build commands failed:
	CompileC CMAKE_TRY_COMPILE.build/Debug/cmTryCompileExec2091006.build/Objects-normal/x86_64/CheckIncludeFile.o CheckIncludeFile.c normal x86_64 c com.apple.compilers.llvm.clang.1_0.compiler
(1 failure)
Developer/Platforms/MacOSX.platform/Developer/SDKs/MacOSX10.7.sdk -fasm-blocks -Wdeprecated-declarations -mmacosx-version-min=10.7 -g -Wno-conversion -Wno-sign-conversion -I/Users/lipa/fractalstream/external/FractalStreamCompiler/external/llvm/CMakeFiles/CMakeTmp/Debug/include -I/Users/lipa/fractalstream/external/FractalStreamCompiler/external/llvm/CMakeFiles/CMakeTmp/CMAKE_TRY_COMPILE.build/Debug/cmTryCompileExec2091006.build/DerivedSources/x86_64 -I/Users/lipa/fractalstream/external/FractalStreamCompiler/external/llvm/CMakeFiles/CMakeTmp/CMAKE_TRY_COMPILE.build/Debug/cmTryCompileExec2091006.build/DerivedSources -Wmost -Wno-four-char-constants -Wno-unknown-pragmas -F/Users/lipa/fractalstream/external/FractalStreamCompiler/external/llvm/CMakeFiles/CMakeTmp/Debug -MMD -MT dependencies -MF /Users/lipa/fractalstream/external/FractalStreamCompiler/external/llvm/CMakeFiles/CMakeTmp/CMAKE_TRY_COMPILE.build/Debug/cmTryCompileExec2091006.build/Objects-normal/x86_64/CheckIncludeFile.d --serialize-diagnostics /Users/lipa/fractalstream/external/FractalStreamCompiler/external/llvm/CMakeFiles/CMakeTmp/CMAKE_TRY_COMPILE.build/Debug/cmTryCompileExec2091006.build/Objects-normal/x86_64/CheckIncludeFile.dia -c /Users/lipa/fractalstream/external/FractalStreamCompiler/external/llvm/CMakeFiles/CMakeTmp/CheckIncludeFile.c -o /Users/lipa/fractalstream/external/FractalStreamCompiler/external/llvm/CMakeFiles/CMakeTmp/CMAKE_TRY_COMPILE.build/Debug/cmTryCompileExec2091006.build/Objects-normal/x86_64/CheckIncludeFile.o
/Users/lipa/fractalstream/external/FractalStreamCompiler/external/llvm/CMakeFiles/CMakeTmp/CheckIncludeFile.c:1:10: fatal error: 'ndir.h' file not found
#include <ndir.h>
         ^
1 error generated.




Determining if the include file sys/dl.h exists failed with the following output:
Change Dir: /Users/lipa/fractalstream/external/FractalStreamCompiler/external/llvm/CMakeFiles/CMakeTmp

Run Build Command:/usr/local/bin/cmakexbuild -project CMAKE_TRY_COMPILE.xcodeproj build -target cmTryCompileExec2563134976 -configuration Debug
=== BUILD NATIVE TARGET cmTryCompileExec2563134976 OF PROJECT CMAKE_TRY_COMPILE WITH CONFIGURATION Debug ===
Check dependencies

CompileC CMAKE_TRY_COMPILE.build/Debug/cmTryCompileExec2563134976.build/Objects-normal/x86_64/CheckIncludeFile.o CheckIncludeFile.c normal x86_64 c com.apple.compilers.llvm.clang.1_0.compiler
    cd /Users/lipa/fractalstream/external/FractalStreamCompiler/external/llvm/CMakeFiles/CMakeTmp
    /Applications/Xcode.app/Contents/Developer/Toolchains/XcodeDefault.xctoolchain/usr/bin/clang -x c -arch x86_64 -fmessage-length=0 -Wno-trigraphs -fpascal-strings -O0 -Wno-missing-field-initializers -Wno-missing-prototypes -Wno-return-type -Wformat -Wno-missing-braces -Wparentheses -Wswitch -Wno-unused-function -Wno-unused-label -Wno-unused-parameter -Wno-unused-variable -Wunused-value -Wno-uninitialized -Wno-unknown-pragmas -Wno-shadow -Wno-four-char-constants -Wno-sign-compare -Wno-shorten-64-to-32 -Wpointer-sign -Wno-newline-eof "-DCMAKE_INTDIR=\"Debug\"" -isysroot /Applications/Xcode.app/Con** BUILD FAILED **


The following build commands failed:
	CompileC CMAKE_TRY_COMPILE.build/Debug/cmTryCompileExec2563134976.build/Objects-normal/x86_64/CheckIncludeFile.o CheckIncludeFile.c normal x86_64 c com.apple.compilers.llvm.clang.1_0.compiler
(1 failure)
tents/Developer/Platforms/MacOSX.platform/Developer/SDKs/MacOSX10.7.sdk -fasm-blocks -Wdeprecated-declarations -mmacosx-version-min=10.7 -g -Wno-conversion -Wno-sign-conversion -I/Users/lipa/fractalstream/external/FractalStreamCompiler/external/llvm/CMakeFiles/CMakeTmp/Debug/include -I/Users/lipa/fractalstream/external/FractalStreamCompiler/external/llvm/CMakeFiles/CMakeTmp/CMAKE_TRY_COMPILE.build/Debug/cmTryCompileExec2563134976.build/DerivedSources/x86_64 -I/Users/lipa/fractalstream/external/FractalStreamCompiler/external/llvm/CMakeFiles/CMakeTmp/CMAKE_TRY_COMPILE.build/Debug/cmTryCompileExec2563134976.build/DerivedSources -Wmost -Wno-four-char-constants -Wno-unknown-pragmas -F/Users/lipa/fractalstream/external/FractalStreamCompiler/external/llvm/CMakeFiles/CMakeTmp/Debug -MMD -MT dependencies -MF /Users/lipa/fractalstream/external/FractalStreamCompiler/external/llvm/CMakeFiles/CMakeTmp/CMAKE_TRY_COMPILE.build/Debug/cmTryCompileExec2563134976.build/Objects-normal/x86_64/CheckIncludeFile.d --serialize-diagnostics /Users/lipa/fractalstream/external/FractalStreamCompiler/external/llvm/CMakeFiles/CMakeTmp/CMAKE_TRY_COMPILE.build/Debug/cmTryCompileExec2563134976.build/Objects-normal/x86_64/CheckIncludeFile.dia -c /Users/lipa/fractalstream/external/FractalStreamCompiler/external/llvm/CMakeFiles/CMakeTmp/CheckIncludeFile.c -o /Users/lipa/fractalstream/external/FractalStreamCompiler/external/llvm/CMakeFiles/CMakeTmp/CMAKE_TRY_COMPILE.build/Debug/cmTryCompileExec2563134976.build/Objects-normal/x86_64/CheckIncludeFile.o
/Users/lipa/fractalstream/external/FractalStreamCompiler/external/llvm/CMakeFiles/CMakeTmp/CheckIncludeFile.c:1:10: fatal error: 'sys/dl.h' file not found
#include <sys/dl.h>
         ^
1 error generated.




Determining if the include file sys/ndir.h exists failed with the following output:
Change Dir: /Users/lipa/fractalstream/external/FractalStreamCompiler/external/llvm/CMakeFiles/CMakeTmp

Run Build Command:/usr/local/bin/cmakexbuild -project CMAKE_TRY_COMPILE.xcodeproj build -target cmTryCompileExec1221716492 -configuration Debug
=== BUILD NATIVE TARGET cmTryCompileExec1221716492 OF PROJECT CMAKE_TRY_COMPILE WITH CONFIGURATION Debug ===
Check dependencies

CompileC CMAKE_TRY_COMPILE.build/Debug/cmTryCompileExec1221716492.build/Objects-normal/x86_64/CheckIncludeFile.o CheckIncludeFile.c normal x86_64 c com.apple.compilers.llvm.clang.1_0.compiler
    cd /Users/lipa/fractalstream/external/FractalStreamCompiler/external/llvm/CMakeFiles/CMakeTmp
    /Applications/Xcode.app/Contents/Developer/Toolchains/XcodeDefault.xctoolchain/usr/bin/clang -x c -arch x86_64 -fmessage-length=0 -Wno-trigraphs -fpascal-strings -O0 -Wno-missing-field-initializers -Wno-missing-prototypes -Wno-return-type -Wformat -Wno-missing-braces -Wparentheses -Wswitch -Wno-unused-function -Wno-unused-label -Wno-unused-parameter -Wno-unused-variable -Wunused-value -Wno-uninitialized -Wno-unknown-pragmas -Wno-shadow -Wno-four-char-constants -Wno-sign-compare -Wno-shorten-64-to-32 -Wpointer-sign -Wno-newline-eof "-DCMAKE_INTDIR=\"Debug\"" -isysroot /Applications/Xcode.app/Con** BUILD FAILED **


The following build commands failed:
	CompileC CMAKE_TRY_COMPILE.build/Debug/cmTryCompileExec1221716492.build/Objects-normal/x86_64/CheckIncludeFile.o CheckIncludeFile.c normal x86_64 c com.apple.compilers.llvm.clang.1_0.compiler
(1 failure)
tents/Developer/Platforms/MacOSX.platform/Developer/SDKs/MacOSX10.7.sdk -fasm-blocks -Wdeprecated-declarations -mmacosx-version-min=10.7 -g -Wno-conversion -Wno-sign-conversion -I/Users/lipa/fractalstream/external/FractalStreamCompiler/external/llvm/CMakeFiles/CMakeTmp/Debug/include -I/Users/lipa/fractalstream/external/FractalStreamCompiler/external/llvm/CMakeFiles/CMakeTmp/CMAKE_TRY_COMPILE.build/Debug/cmTryCompileExec1221716492.build/DerivedSources/x86_64 -I/Users/lipa/fractalstream/external/FractalStreamCompiler/external/llvm/CMakeFiles/CMakeTmp/CMAKE_TRY_COMPILE.build/Debug/cmTryCompileExec1221716492.build/DerivedSources -Wmost -Wno-four-char-constants -Wno-unknown-pragmas -F/Users/lipa/fractalstream/external/FractalStreamCompiler/external/llvm/CMakeFiles/CMakeTmp/Debug -MMD -MT dependencies -MF /Users/lipa/fractalstream/external/FractalStreamCompiler/external/llvm/CMakeFiles/CMakeTmp/CMAKE_TRY_COMPILE.build/Debug/cmTryCompileExec1221716492.build/Objects-normal/x86_64/CheckIncludeFile.d --serialize-diagnostics /Users/lipa/fractalstream/external/FractalStreamCompiler/external/llvm/CMakeFiles/CMakeTmp/CMAKE_TRY_COMPILE.build/Debug/cmTryCompileExec1221716492.build/Objects-normal/x86_64/CheckIncludeFile.dia -c /Users/lipa/fractalstream/external/FractalStreamCompiler/external/llvm/CMakeFiles/CMakeTmp/CheckIncludeFile.c -o /Users/lipa/fractalstream/external/FractalStreamCompiler/external/llvm/CMakeFiles/CMakeTmp/CMAKE_TRY_COMPILE.build/Debug/cmTryCompileExec1221716492.build/Objects-normal/x86_64/CheckIncludeFile.o
/Users/lipa/fractalstream/external/FractalStreamCompiler/external/llvm/CMakeFiles/CMakeTmp/CheckIncludeFile.c:1:10: fatal error: 'sys/ndir.h' file not found
#include <sys/ndir.h>
         ^
1 error generated.




Determining if the include file valgrind/valgrind.h exists failed with the following output:
Change Dir: /Users/lipa/fractalstream/external/FractalStreamCompiler/external/llvm/CMakeFiles/CMakeTmp

Run Build Command:/usr/local/bin/cmakexbuild -project CMAKE_TRY_COMPILE.xcodeproj build -target cmTryCompileExec4174209753 -configuration Debug
=== BUILD NATIVE TARGET cmTryCompileExec4174209753 OF PROJECT CMAKE_TRY_COMPILE WITH CONFIGURATION Debug ===
Check dependencies

CompileC CMAKE_TRY_COMPILE.build/Debug/cmTryCompileExec4174209753.build/Objects-normal/x86_64/CheckIncludeFile.o CheckIncludeFile.c normal x86_64 c com.apple.compilers.llvm.clang.1_0.compiler
    cd /Users/lipa/fractalstream/external/FractalStreamCompiler/external/llvm/CMakeFiles/CMakeTmp
    /Applications/Xcode.app/Contents/Developer/Toolchains/XcodeDefault.xctoolchain/usr/bin/clang -x c -arch x86_64 -fmessage-length=0 -Wno-trigraphs -fpascal-strings -O0 -Wno-missing-field-initializers -Wno-missing-prototypes -Wno-return-type -Wformat -Wno-missing-braces -Wparentheses -Wswitch -Wno-unused-function -Wno-unused-label -Wno-unused-parameter -Wno-unused-variable -Wunused-value -Wno-uninitialized -Wno-unknown-pragmas -Wno-shadow -Wno-four-char-constants -Wno-sign-compare -Wno-shorten-64-to-32 -Wpointer-sign -Wno-newline-eof "-DCMAKE_INTDIR=\"Debug\"" -isysroot /Applications/Xcode.app/Con** BUILD FAILED **


The following build commands failed:
	CompileC CMAKE_TRY_COMPILE.build/Debug/cmTryCompileExec4174209753.build/Objects-normal/x86_64/CheckIncludeFile.o CheckIncludeFile.c normal x86_64 c com.apple.compilers.llvm.clang.1_0.compiler
(1 failure)
tents/Developer/Platforms/MacOSX.platform/Developer/SDKs/MacOSX10.7.sdk -fasm-blocks -Wdeprecated-declarations -mmacosx-version-min=10.7 -g -Wno-conversion -Wno-sign-conversion -I/Users/lipa/fractalstream/external/FractalStreamCompiler/external/llvm/CMakeFiles/CMakeTmp/Debug/include -I/Users/lipa/fractalstream/external/FractalStreamCompiler/external/llvm/CMakeFiles/CMakeTmp/CMAKE_TRY_COMPILE.build/Debug/cmTryCompileExec4174209753.build/DerivedSources/x86_64 -I/Users/lipa/fractalstream/external/FractalStreamCompiler/external/llvm/CMakeFiles/CMakeTmp/CMAKE_TRY_COMPILE.build/Debug/cmTryCompileExec4174209753.build/DerivedSources -Wmost -Wno-four-char-constants -Wno-unknown-pragmas -F/Users/lipa/fractalstream/external/FractalStreamCompiler/external/llvm/CMakeFiles/CMakeTmp/Debug -MMD -MT dependencies -MF /Users/lipa/fractalstream/external/FractalStreamCompiler/external/llvm/CMakeFiles/CMakeTmp/CMAKE_TRY_COMPILE.build/Debug/cmTryCompileExec4174209753.build/Objects-normal/x86_64/CheckIncludeFile.d --serialize-diagnostics /Users/lipa/fractalstream/external/FractalStreamCompiler/external/llvm/CMakeFiles/CMakeTmp/CMAKE_TRY_COMPILE.build/Debug/cmTryCompileExec4174209753.build/Objects-normal/x86_64/CheckIncludeFile.dia -c /Users/lipa/fractalstream/external/FractalStreamCompiler/external/llvm/CMakeFiles/CMakeTmp/CheckIncludeFile.c -o /Users/lipa/fractalstream/external/FractalStreamCompiler/external/llvm/CMakeFiles/CMakeTmp/CMAKE_TRY_COMPILE.build/Debug/cmTryCompileExec4174209753.build/Objects-normal/x86_64/CheckIncludeFile.o
/Users/lipa/fractalstream/external/FractalStreamCompiler/external/llvm/CMakeFiles/CMakeTmp/CheckIncludeFile.c:1:10: fatal error: 'valgrind/valgrind.h' file not found
#include <valgrind/valgrind.h>
         ^
1 error generated.




Determining if the include file windows.h exists failed with the following output:
Change Dir: /Users/lipa/fractalstream/external/FractalStreamCompiler/external/llvm/CMakeFiles/CMakeTmp

Run Build Command:/usr/local/bin/cmakexbuild -project CMAKE_TRY_COMPILE.xcodeproj build -target cmTryCompileExec1825235022 -configuration Debug
=== BUILD NATIVE TARGET cmTryCompileExec1825235022 OF PROJECT CMAKE_TRY_COMPILE WITH CONFIGURATION Debug ===
Check dependencies

CompileC CMAKE_TRY_COMPILE.build/Debug/cmTryCompileExec1825235022.build/Objects-normal/x86_64/CheckIncludeFile.o CheckIncludeFile.c normal x86_64 c com.apple.compilers.llvm.clang.1_0.compiler
    cd /Users/lipa/fractalstream/external/FractalStreamCompiler/external/llvm/CMakeFiles/CMakeTmp
    /Applications/Xcode.app/Contents/Developer/Toolchains/XcodeDefault.xctoolchain/usr/bin/clang -x c -arch x86_64 -fmessage-length=0 -Wno-trigraphs -fpascal-strings -O0 -Wno-missing-field-initializers -Wno-missing-prototypes -Wno-return-type -Wformat -Wno-missing-braces -Wparentheses -Wswitch -Wno-unused-function -Wno-unused-label -Wno-unused-parameter -Wno-unused-variable -Wunused-value -Wno-uninitialized -Wno-unknown-pragmas -Wno-shadow -Wno-four-char-constants -Wno-sign-compare -Wno-shorten-64-to-32 -Wpointer-sign -Wno-newline-eof "-DCMAKE_INTDIR=\"Debug\"" -isysroot /Applications/Xcode.app/Con** BUILD FAILED **


The following build commands failed:
tents/Developer/Platforms/MacOSX.platform/Developer/SDKs/MacOSX10.7.sdk -fasm-blocks -Wdeprecated-declarations -mmacosx-version-min=10.7 -g -Wno-conversion -Wno-sign-conversion -I/Users/lipa/fractalstream/external/FractalStreamCompiler/external/llvm/CMakeFiles/CMakeTmp/Debug/include -I/Users/lipa/fractalstream/external/FractalStreamCompiler/external/llvm/CMakeFiles/CMakeTmp/CMAKE_TRY_COMPILE.build/Debug/cmTryCompileExec1825235022.build/DerivedSources/x86_64 -I/Users/lipa/fractalstream/external/FractalStreamCompiler/external/llvm/CMakeFiles/CMakeTmp/CMAKE_TRY_COMPILE.build/Debug/cmTryCompileExec1825235022.build/DerivedSources -Wmost -Wno-four-char-constants -Wno-unknown-pragmas -F/Users/lipa/fractalstream/external/FractalStreamCompiler/external/llvm/CMakeFiles/CMakeTmp/Debug -MMD -MT dependencies -MF /Users/lipa/fractalstream/external/FractalStreamCompiler/external/llvm/CMakeFiles/CMakeTmp/CMAKE_TRY_COMPILE.build/Debug/cmTryCompileExec1825235022.build/Objects-normal/x86_64/CheckIncludeFile.d --serialize-diagno	CompileC CMAKE_TRY_COMPILE.build/Debug/cmTryCompileExec1825235022.build/Objects-normal/x86_64/CheckIncludeFile.o CheckIncludeFile.c normal x86_64 c com.apple.compilers.llvm.clang.1_0.compiler
(1 failure)
stics /Users/lipa/fractalstream/external/FractalStreamCompiler/external/llvm/CMakeFiles/CMakeTmp/CMAKE_TRY_COMPILE.build/Debug/cmTryCompileExec1825235022.build/Objects-normal/x86_64/CheckIncludeFile.dia -c /Users/lipa/fractalstream/external/FractalStreamCompiler/external/llvm/CMakeFiles/CMakeTmp/CheckIncludeFile.c -o /Users/lipa/fractalstream/external/FractalStreamCompiler/external/llvm/CMakeFiles/CMakeTmp/CMAKE_TRY_COMPILE.build/Debug/cmTryCompileExec1825235022.build/Objects-normal/x86_64/CheckIncludeFile.o
/Users/lipa/fractalstream/external/FractalStreamCompiler/external/llvm/CMakeFiles/CMakeTmp/CheckIncludeFile.c:1:10: fatal error: 'windows.h' file not found
#include <windows.h>
         ^
1 error generated.




Determining if the isinf exist failed with the following output:
Change Dir: /Users/lipa/fractalstream/external/FractalStreamCompiler/external/llvm/CMakeFiles/CMakeTmp

Run Build Command:/usr/local/bin/cmakexbuild -project CMAKE_TRY_COMPILE.xcodeproj build -target cmTryCompileExec3764014580 -configuration Debug
=== BUILD NATIVE TARGET cmTryCompileExec3764014580 OF PROJECT CMAKE_TRY_COMPILE WITH CONFIGURATION Debug ===
Check dependencies

CompileC CMAKE_TRY_COMPILE.build/Debug/cmTryCompileExec3764014580.build/Objects-normal/x86_64/CheckSymbolExists.o CheckSymbolExists.c normal x86_64 c com.apple.compilers.llvm.clang.1_0.compiler
    cd /Users/lipa/fractalstream/external/FractalStreamCompiler/external/llvm/CMakeFiles/CMakeTmp
    /Applications/Xcode.app/Contents/Developer/Toolchains/XcodeDefault.xctoolchain/usr/bin/clang -x c -arch x86_64 -fmessage-length=0 -Wno-trigraphs -fpascal-strings -O0 -Wno-missing-field-initializers -Wno-missing-prototypes -Wno-return-type -Wformat -Wno-missing-braces -Wparentheses -Wswitch -Wno-unused-function -Wno-unused-label -Wno-unused-parameter -Wno-unused-variable -Wunused-value -Wno-uninitialized -Wno-unknown-pragmas -Wno-shadow -Wno-four-char-constants -Wno-sign-compare -Wno-shorten-64-to-32 -Wpointer-sign -Wno-newline-eof "-DCMAKE_INTDIR=\"Debug\"" -isysroot /Applications/Xcode.app/C** BUILD FAILED **


The following build commands failed:
	CompileC CMAKE_TRY_COMPILE.build/Debug/cmTryCompileExec3764014580.build/Objects-normal/x86_64/CheckSymbolExists.o CheckSymbolExists.c normal x86_64 c com.apple.compilers.llvm.clang.1_0.compiler
(1 failure)
ontents/Developer/Platforms/MacOSX.platform/Developer/SDKs/MacOSX10.7.sdk -fasm-blocks -Wdeprecated-declarations -mmacosx-version-min=10.7 -g -Wno-conversion -Wno-sign-conversion -I/Users/lipa/fractalstream/external/FractalStreamCompiler/external/llvm/CMakeFiles/CMakeTmp/Debug/include -I/Users/lipa/fractalstream/external/FractalStreamCompiler/external/llvm/CMakeFiles/CMakeTmp/CMAKE_TRY_COMPILE.build/Debug/cmTryCompileExec3764014580.build/DerivedSources/x86_64 -I/Users/lipa/fractalstream/external/FractalStreamCompiler/external/llvm/CMakeFiles/CMakeTmp/CMAKE_TRY_COMPILE.build/Debug/cmTryCompileExec3764014580.build/DerivedSources -Wmost -Wno-four-char-constants -Wno-unknown-pragmas -F/Users/lipa/fractalstream/external/FractalStreamCompiler/external/llvm/CMakeFiles/CMakeTmp/Debug -MMD -MT dependencies -MF /Users/lipa/fractalstream/external/FractalStreamCompiler/external/llvm/CMakeFiles/CMakeTmp/CMAKE_TRY_COMPILE.build/Debug/cmTryCompileExec3764014580.build/Objects-normal/x86_64/CheckSymbolExists.d --serialize-diagnostics /Users/lipa/fractalstream/external/FractalStreamCompiler/external/llvm/CMakeFiles/CMakeTmp/CMAKE_TRY_COMPILE.build/Debug/cmTryCompileExec3764014580.build/Objects-normal/x86_64/CheckSymbolExists.dia -c /Users/lipa/fractalstream/external/FractalStreamCompiler/external/llvm/CMakeFiles/CMakeTmp/CheckSymbolExists.c -o /Users/lipa/fractalstream/external/FractalStreamCompiler/external/llvm/CMakeFiles/CMakeTmp/CMAKE_TRY_COMPILE.build/Debug/cmTryCompileExec3764014580.build/Objects-normal/x86_64/CheckSymbolExists.o
/Users/lipa/fractalstream/external/FractalStreamCompiler/external/llvm/CMakeFiles/CMakeTmp/CheckSymbolExists.c:2:10: fatal error: 'cmath' file not found
#include <cmath>
         ^
1 error generated.



File /Users/lipa/fractalstream/external/FractalStreamCompiler/external/llvm/CMakeFiles/CMakeTmp/CheckSymbolExists.c:
/* */
#include <cmath>

int main(int argc, char** argv)
{
  (void)argv;
#ifndef isinf
  return ((int*)(&isinf))[argc];
#else
  (void)argc;
  return 0;
#endif
}

Determining if the finite exist failed with the following output:
Change Dir: /Users/lipa/fractalstream/external/FractalStreamCompiler/external/llvm/CMakeFiles/CMakeTmp

Run Build Command:/usr/local/bin/cmakexbuild -project CMAKE_TRY_COMPILE.xcodeproj build -target cmTryCompileExec926953543 -configuration Debug
=== BUILD NATIVE TARGET cmTryCompileExec926953543 OF PROJECT CMAKE_TRY_COMPILE WITH CONFIGURATION Debug ===
Check dependencies

CompileC CMAKE_TRY_COMPILE.build/Debug/cmTryCompileExec926953543.build/Objects-normal/x86_64/CheckSymbolExists.o CheckSymbolExists.c normal x86_64 c com.apple.compilers.llvm.clang.1_0.compiler
    cd /Users/lipa/fractalstream/external/FractalStreamCompiler/external/llvm/CMakeFiles/CMakeTmp
    /Applications/Xcode.app/Contents/Developer/Toolchains/XcodeDefault.xctoolchain/usr/bin/clang -x c -arch x86_64 -fmessage-length=0 -Wno-trigraphs -fpascal-strings -O0 -Wno-missing-field-initializers -Wno-missing-prototypes -Wno-return-type -Wformat -Wno-missing-braces -Wparentheses -Wswitch -Wno-unused-function -Wno-unused-label -Wno-unused-parameter -Wno-unused-variable -Wunused-value -Wno-uninitialized -Wno-unknown-pragmas -Wno-shadow -Wno-four-char-constants -Wno-sign-compare -Wno-shorten-64-to-32 -Wpointer-sign -Wno-newline-eof "-DCMAKE_INTDIR=\"Debug\"" -isysroot /Applications/Xcode.app/Con** BUILD FAILED **


The following build commands failed:
	CompileC CMAKE_TRY_COMPILE.build/Debug/cmTryCompileExec926953543.build/Objects-normal/x86_64/CheckSymbolExists.o CheckSymbolExists.c normal x86_64 c com.apple.compilers.llvm.clang.1_0.compiler
(1 failure)
tents/Developer/Platforms/MacOSX.platform/Developer/SDKs/MacOSX10.7.sdk -fasm-blocks -Wdeprecated-declarations -mmacosx-version-min=10.7 -g -Wno-conversion -Wno-sign-conversion -I/Users/lipa/fractalstream/external/FractalStreamCompiler/external/llvm/CMakeFiles/CMakeTmp/Debug/include -I/Users/lipa/fractalstream/external/FractalStreamCompiler/external/llvm/CMakeFiles/CMakeTmp/CMAKE_TRY_COMPILE.build/Debug/cmTryCompileExec926953543.build/DerivedSources/x86_64 -I/Users/lipa/fractalstream/external/FractalStreamCompiler/external/llvm/CMakeFiles/CMakeTmp/CMAKE_TRY_COMPILE.build/Debug/cmTryCompileExec926953543.build/DerivedSources -Wmost -Wno-four-char-constants -Wno-unknown-pragmas -F/Users/lipa/fractalstream/external/FractalStreamCompiler/external/llvm/CMakeFiles/CMakeTmp/Debug -MMD -MT dependencies -MF /Users/lipa/fractalstream/external/FractalStreamCompiler/external/llvm/CMakeFiles/CMakeTmp/CMAKE_TRY_COMPILE.build/Debug/cmTryCompileExec926953543.build/Objects-normal/x86_64/CheckSymbolExists.d --serialize-diagnostics /Users/lipa/fractalstream/external/FractalStreamCompiler/external/llvm/CMakeFiles/CMakeTmp/CMAKE_TRY_COMPILE.build/Debug/cmTryCompileExec926953543.build/Objects-normal/x86_64/CheckSymbolExists.dia -c /Users/lipa/fractalstream/external/FractalStreamCompiler/external/llvm/CMakeFiles/CMakeTmp/CheckSymbolExists.c -o /Users/lipa/fractalstream/external/FractalStreamCompiler/external/llvm/CMakeFiles/CMakeTmp/CMAKE_TRY_COMPILE.build/Debug/cmTryCompileExec926953543.build/Objects-normal/x86_64/CheckSymbolExists.o
/Users/lipa/fractalstream/external/FractalStreamCompiler/external/llvm/CMakeFiles/CMakeTmp/CheckSymbolExists.c:2:10: fatal error: 'ieeefp.h' file not found
#include <ieeefp.h>
         ^
1 error generated.



File /Users/lipa/fractalstream/external/FractalStreamCompiler/external/llvm/CMakeFiles/CMakeTmp/CheckSymbolExists.c:
/* */
#include <ieeefp.h>

int main(int argc, char** argv)
{
  (void)argv;
#ifndef finite
  return ((int*)(&finite))[argc];
#else
  (void)argc;
  return 0;
#endif
}

Determining if the isnan exist failed with the following output:
Change Dir: /Users/lipa/fractalstream/external/FractalStreamCompiler/external/llvm/CMakeFiles/CMakeTmp

Run Build Command:/usr/local/bin/cmakexbuild -project CMAKE_TRY_COMPILE.xcodeproj build -target cmTryCompileExec4249321974 -configuration Debug
=== BUILD NATIVE TARGET cmTryCompileExec4249321974 OF PROJECT CMAKE_TRY_COMPILE WITH CONFIGURATION Debug ===
Check dependencies

CompileC CMAKE_TRY_COMPILE.build/Debug/cmTryCompileExec4249321974.build/Objects-normal/x86_64/CheckSymbolExists.o CheckSymbolExists.c normal x86_64 c com.apple.compilers.llvm.clang.1_0.compiler
    cd /Users/lipa/fractalstream/external/FractalStreamCompiler/external/llvm/CMakeFiles/CMakeTmp
    /Applications/Xcode.app/Contents/Developer/Toolchains/XcodeDefault.xctoolchain/usr/bin/clang -x c -arch x86_64 -fmessage-length=0 -Wno-trigraphs -fpascal-strings -O0 -Wno-missing-field-initializers -Wno-missing-prototypes -Wno-return-type -Wformat -Wno-missing-braces -Wparentheses -Wswitch -Wno-unused-function -Wno-unused-label -Wno-unused-parameter -Wno-unused-variable -Wunused-value -Wno-uninitialized -Wno-unknown-pragmas -Wno-shadow -Wno-four-char-constants -Wno-sign-compare -Wno-shorten-64-to-32 -Wpointer-sign -Wno-newline-eof "-DCMAKE_INTDIR=\"Debug\"" -isysroot /Applications/Xcode.app/C** BUILD FAILED **


The following build commands failed:
ontents/Developer/Platforms/MacOSX.platform/Developer/SDKs/MacOSX10.7.sdk -fasm-blocks -Wdeprecated-declarations -mmacosx-version-min=10.7 -g -Wno-conversion -Wno-sign-conversion -I/Users/lipa/fractalstream/external/FractalStreamCompiler/external/llvm/CMakeFiles/CMakeTmp/Debug/include -I/Users/lipa/fractalstream/external/FractalStreamCompiler/external/llvm/CMakeFiles/CMakeTmp/CMAKE_TRY_COMPILE.build/Debug/cmTryCompileExec4249321974.build/DerivedSources/x86_64 -I/Users/lipa/fractalstream/external/FractalStreamCompiler/external/llvm/CMakeFiles/CMakeTmp/CMAKE_TRY_COMPILE.build/Debug/cmTryCompileExec4249321974.build/DerivedSources -Wmost -Wno-four-char-constants -Wno-unknown-pragmas -F/Users/lipa/fractalstream/external/FractalStreamCompiler/external/llvm/CMakeFiles/CMakeTmp/Debug -MMD -MT dependencies -MF /Users/lipa/fractalstream/external/FractalStreamCompiler/external/llvm/CMakeFiles/CMakeTmp/CMAKE_TRY_COMPILE.build/Debug/cmTryCompileExec4249321974.build/Objects-normal/x86_64/CheckSymbolExists.d --serialize-dia	CompileC CMAKE_TRY_COMPILE.build/Debug/cmTryCompileExec4249321974.build/Objects-normal/x86_64/CheckSymbolExists.o CheckSymbolExists.c normal x86_64 c com.apple.compilers.llvm.clang.1_0.compiler
(1 failure)
gnostics /Users/lipa/fractalstream/external/FractalStreamCompiler/external/llvm/CMakeFiles/CMakeTmp/CMAKE_TRY_COMPILE.build/Debug/cmTryCompileExec4249321974.build/Objects-normal/x86_64/CheckSymbolExists.dia -c /Users/lipa/fractalstream/external/FractalStreamCompiler/external/llvm/CMakeFiles/CMakeTmp/CheckSymbolExists.c -o /Users/lipa/fractalstream/external/FractalStreamCompiler/external/llvm/CMakeFiles/CMakeTmp/CMAKE_TRY_COMPILE.build/Debug/cmTryCompileExec4249321974.build/Objects-normal/x86_64/CheckSymbolExists.o
/Users/lipa/fractalstream/external/FractalStreamCompiler/external/llvm/CMakeFiles/CMakeTmp/CheckSymbolExists.c:2:10: fatal error: 'cmath' file not found
#include <cmath>
         ^
1 error generated.



File /Users/lipa/fractalstream/external/FractalStreamCompiler/external/llvm/CMakeFiles/CMakeTmp/CheckSymbolExists.c:
/* */
#include <cmath>

int main(int argc, char** argv)
{
  (void)argv;
#ifndef isnan
  return ((int*)(&isnan))[argc];
#else
  (void)argc;
  return 0;
#endif
}

Determining if the mallinfo exist failed with the following output:
Change Dir: /Users/lipa/fractalstream/external/FractalStreamCompiler/external/llvm/CMakeFiles/CMakeTmp

Run Build Command:/usr/local/bin/cmakexbuild -project CMAKE_TRY_COMPILE.xcodeproj build -target cmTryCompileExec2712478646 -configuration Debug
=== BUILD NATIVE TARGET cmTryCompileExec2712478646 OF PROJECT CMAKE_TRY_COMPILE WITH CONFIGURATION Debug ===
Check dependencies

CompileC CMAKE_TRY_COMPILE.build/Debug/cmTryCompileExec2712478646.build/Objects-normal/x86_64/CheckSymbolExists.o CheckSymbolExists.c normal x86_64 c com.apple.compilers.llvm.clang.1_0.compiler
    cd /Users/lipa/fractalstream/external/FractalStreamCompiler/external/llvm/CMakeFiles/CMakeTmp
    /Applications/Xcode.app/Contents/Developer/Toolchains/XcodeDefault.xctoolchain/usr/bin/clang -x c -arch x86_64 -fmessage-length=0 -Wno-trigraphs -fpascal-strings -O0 -Wno-missing-field-initializers -Wno-missing-prototypes -Wno-return-type -Wformat -Wno-missing-braces -Wparentheses -Wswitch -Wno-unused-function -Wno-unused-label -Wno-unused-parameter -Wno-unused-variable -Wunused-value -Wno-uninitialized -Wno-unknown-pragmas -Wno-shadow -Wno-four-char-constants -Wno-sign-compare -Wno-shorten-64-to-32 -Wpointer-sign -Wno-newline-eof "-DCMAKE_INTDIR=\"Debug\"" -isysroot /Applications/Xcode.app/C** BUILD FAILED **


The following build commands failed:
ontents/Developer/Platforms/MacOSX.platform/Developer/SDKs/MacOSX10.7.sdk -fasm-blocks -Wdeprecated-declarations -mmacosx-version-min=10.7 -g -Wno-conversion -Wno-sign-conversion -I/Users/lipa/fractalstream/external/FractalStreamCompiler/external/llvm/CMakeFiles/CMakeTmp/Debug/include -I/Users/lipa/fractalstream/external/FractalStreamCompiler/external/llvm/CMakeFiles/CMakeTmp/CMAKE_TRY_COMPILE.build/Debug/cmTryCompileExec2712478646.build/DerivedSources/x86_64 -I/Users/lipa/fractalstream/external/FractalStreamCompiler/external/llvm/CMakeFiles/CMakeTmp/CMAKE_TRY_COMPILE.build/Debug/cmTryCompileExec2712478646.build/DerivedSources -Wmost -Wno-four-char-constants -Wno-unknown-pragmas -F/Users/lipa/fractalstream/external/FractalStreamCompiler/external/llvm/CMakeFiles/CMakeTmp/Debug -MMD -MT dependencies -MF /Users/lipa/fractalstream/external/FractalStreamCompiler/external/llvm/CMakeFiles/CMakeTmp/CMAKE_TRY_COMPILE.build/Debug/cmTryCompileExec2712478646.build/Objects-normal/x86_64/CheckSymbolExists.d --serialize-dia	CompileC CMAKE_TRY_COMPILE.build/Debug/cmTryCompileExec2712478646.build/Objects-normal/x86_64/CheckSymbolExists.o CheckSymbolExists.c normal x86_64 c com.apple.compilers.llvm.clang.1_0.compiler
(1 failure)
gnostics /Users/lipa/fractalstream/external/FractalStreamCompiler/external/llvm/CMakeFiles/CMakeTmp/CMAKE_TRY_COMPILE.build/Debug/cmTryCompileExec2712478646.build/Objects-normal/x86_64/CheckSymbolExists.dia -c /Users/lipa/fractalstream/external/FractalStreamCompiler/external/llvm/CMakeFiles/CMakeTmp/CheckSymbolExists.c -o /Users/lipa/fractalstream/external/FractalStreamCompiler/external/llvm/CMakeFiles/CMakeTmp/CMAKE_TRY_COMPILE.build/Debug/cmTryCompileExec2712478646.build/Objects-normal/x86_64/CheckSymbolExists.o
/Users/lipa/fractalstream/external/FractalStreamCompiler/external/llvm/CMakeFiles/CMakeTmp/CheckSymbolExists.c:2:10: fatal error: 'malloc.h' file not found
#include <malloc.h>
         ^
1 error generated.



File /Users/lipa/fractalstream/external/FractalStreamCompiler/external/llvm/CMakeFiles/CMakeTmp/CheckSymbolExists.c:
/* */
#include <malloc.h>

int main(int argc, char** argv)
{
  (void)argv;
#ifndef mallinfo
  return ((int*)(&mallinfo))[argc];
#else
  (void)argc;
  return 0;
#endif
}

Determining if the strerror_s exist failed with the following output:
Change Dir: /Users/lipa/fractalstream/external/FractalStreamCompiler/external/llvm/CMakeFiles/CMakeTmp

Run Build Command:/usr/local/bin/cmakexbuild -project CMAKE_TRY_COMPILE.xcodeproj build -target cmTryCompileExec1362306499 -configuration Debug
=== BUILD NATIVE TARGET cmTryCompileExec1362306499 OF PROJECT CMAKE_TRY_COMPILE WITH CONFIGURATION Debug ===
Check dependencies

CompileC CMAKE_TRY_COMPILE.build/Debug/cmTryCompileExec1362306499.build/Objects-normal/x86_64/CheckSymbolExists.o CheckSymbolExists.c normal x86_64 c com.apple.compilers.llvm.clang.1_0.compiler
    cd /Users/lipa/fractalstream/external/FractalStreamCompiler/external/llvm/CMakeFiles/CMakeTmp
    /Applications/Xcode.app/Contents/Developer/Toolchains/XcodeDefault.xctoolchain/usr/bin/clang -x c -arch x86_64 -fmessage-length=0 -Wno-trigraphs -fpascal-strings -O0 -Wno-missing-field-initializers -Wno-missing-prototypes -Wno-return-type -Wformat -Wno-missing-braces -Wparentheses -Wswitch -Wno-unused-function -Wno-unused-label -Wno-unused-parameter -Wno-unused-variable -Wunused-value -Wno-uninitialized -Wno-unknown-pragmas -Wno-shadow -Wno-four-char-constants -Wno-sign-compare -Wno-shorten-64-to-32 -Wpointer-sign -Wno-newline-eof "-DCMAKE_INTDIR=\"Debug\"" -isysroot /Applications/Xcode.app/C** BUILD FAILED **


The following build commands failed:
ontents/Developer/Platforms/MacOSX.platform/Developer/SDKs/MacOSX10.7.sdk -fasm-blocks -Wdeprecated-declarations -mmacosx-version-min=10.7 -g -Wno-conversion -Wno-sign-conversion -I/Users/lipa/fractalstream/external/FractalStreamCompiler/external/llvm/CMakeFiles/CMakeTmp/Debug/include -I/Users/lipa/fractalstream/external/FractalStreamCompiler/external/llvm/CMakeFiles/CMakeTmp/CMAKE_TRY_COMPILE.build/Debug/cmTryCompileExec1362306499.build/DerivedSources/x86_64 -I/Users/lipa/fractalstream/external/FractalStreamCompiler/external/llvm/CMakeFiles/CMakeTmp/CMAKE_TRY_COMPILE.build/Debug/cmTryCompileExec1362306499.build/DerivedSources -Wmost -Wno-four-char-constants -Wno-unknown-pragmas -F/Users/lipa/fractalstream/external/FractalStreamCompiler/external/llvm/CMakeFiles/CMakeTmp/Debug -MMD -MT dependencies -MF /Users/lipa/fractalstream/external/FractalStreamCompiler/external/llvm/CMakeFiles/CMakeTmp/CMAKE_TRY_COMPILE.build/Debug/cmTryCompileExec1362306499.build/Objects-normal/x86_64/CheckSymbolExists.d --serialize-dia	CompileC CMAKE_TRY_COMPILE.build/Debug/cmTryCompileExec1362306499.build/Objects-normal/x86_64/CheckSymbolExists.o CheckSymbolExists.c normal x86_64 c com.apple.compilers.llvm.clang.1_0.compiler
(1 failure)
gnostics /Users/lipa/fractalstream/external/FractalStreamCompiler/external/llvm/CMakeFiles/CMakeTmp/CMAKE_TRY_COMPILE.build/Debug/cmTryCompileExec1362306499.build/Objects-normal/x86_64/CheckSymbolExists.dia -c /Users/lipa/fractalstream/external/FractalStreamCompiler/external/llvm/CMakeFiles/CMakeTmp/CheckSymbolExists.c -o /Users/lipa/fractalstream/external/FractalStreamCompiler/external/llvm/CMakeFiles/CMakeTmp/CMAKE_TRY_COMPILE.build/Debug/cmTryCompileExec1362306499.build/Objects-normal/x86_64/CheckSymbolExists.o
/Users/lipa/fractalstream/external/FractalStreamCompiler/external/llvm/CMakeFiles/CMakeTmp/CheckSymbolExists.c:8:19: error: use of undeclared identifier 'strerror_s'; did you mean 'strerror_r'?
  return ((int*)(&strerror_s))[argc];
                  ^~~~~~~~~~
                  strerror_r
/Applications/Xcode.app/Contents/Developer/Platforms/MacOSX.platform/Developer/SDKs/MacOSX10.7.sdk/usr/include/string.h:126:6: note: 'strerror_r' declared here
int      strerror_r(int, char *, size_t);
         ^
1 error generated.



File /Users/lipa/fractalstream/external/FractalStreamCompiler/external/llvm/CMakeFiles/CMakeTmp/CheckSymbolExists.c:
/* */
#include <string.h>

int main(int argc, char** argv)
{
  (void)argv;
#ifndef strerror_s
  return ((int*)(&strerror_s))[argc];
#else
  (void)argc;
  return 0;
#endif
}

Determining if the __GLIBC__ exist failed with the following output:
Change Dir: /Users/lipa/fractalstream/external/FractalStreamCompiler/external/llvm/CMakeFiles/CMakeTmp

Run Build Command:/usr/local/bin/cmakexbuild -project CMAKE_TRY_COMPILE.xcodeproj build -target cmTryCompileExec1021678485 -configuration Debug
=== BUILD NATIVE TARGET cmTryCompileExec1021678485 OF PROJECT CMAKE_TRY_COMPILE WITH CONFIGURATION Debug ===
Check dependencies

CompileC CMAKE_TRY_COMPILE.build/Debug/cmTryCompileExec1021678485.build/Objects-normal/x86_64/CheckSymbolExists.o CheckSymbolExists.c normal x86_64 c com.apple.compilers.llvm.clang.1_0.compiler
    cd /Users/lipa/fractalstream/external/FractalStreamCompiler/external/llvm/CMakeFiles/CMakeTmp
    /Applications/Xcode.app/Contents/Developer/Toolchains/XcodeDefault.xctoolchain/usr/bin/clang -x c -arch x86_64 -fmessage-length=0 -Wno-trigraphs -fpascal-strings -O0 -Wno-missing-field-initializers -Wno-missing-prototypes -Wno-return-type -Wformat -Wno-missing-braces -Wparentheses -Wswitch -Wno-unused-function -Wno-unused-label -Wno-unused-parameter -Wno-unused-variable -Wunused-value -Wno-uninitialized -Wno-unknown-pragmas -Wno-shadow -Wno-four-char-constants -Wno-sign-compare -Wno-shorten-64-to-32 -Wpointer-sign -Wno-newline-eof "-DCMAKE_INTDIR=\"Debug\"" -isysroot /Applications/Xcode.app/C** BUILD FAILED **


The following build commands failed:
	CompileC CMAKE_TRY_COMPILE.build/Debug/cmTryCompileExec1021678485.build/Objects-normal/x86_64/CheckSymbolExists.o CheckSymbolExists.c normal x86_64 c com.apple.compilers.llvm.clang.1_0.compiler
(1 failure)
ontents/Developer/Platforms/MacOSX.platform/Developer/SDKs/MacOSX10.7.sdk -fasm-blocks -Wdeprecated-declarations -mmacosx-version-min=10.7 -g -Wno-conversion -Wno-sign-conversion -I/Users/lipa/fractalstream/external/FractalStreamCompiler/external/llvm/CMakeFiles/CMakeTmp/Debug/include -I/Users/lipa/fractalstream/external/FractalStreamCompiler/external/llvm/CMakeFiles/CMakeTmp/CMAKE_TRY_COMPILE.build/Debug/cmTryCompileExec1021678485.build/DerivedSources/x86_64 -I/Users/lipa/fractalstream/external/FractalStreamCompiler/external/llvm/CMakeFiles/CMakeTmp/CMAKE_TRY_COMPILE.build/Debug/cmTryCompileExec1021678485.build/DerivedSources -Wmost -Wno-four-char-constants -Wno-unknown-pragmas -F/Users/lipa/fractalstream/external/FractalStreamCompiler/external/llvm/CMakeFiles/CMakeTmp/Debug -MMD -MT dependencies -MF /Users/lipa/fractalstream/external/FractalStreamCompiler/external/llvm/CMakeFiles/CMakeTmp/CMAKE_TRY_COMPILE.build/Debug/cmTryCompileExec1021678485.build/Objects-normal/x86_64/CheckSymbolExists.d --serialize-diagnostics /Users/lipa/fractalstream/external/FractalStreamCompiler/external/llvm/CMakeFiles/CMakeTmp/CMAKE_TRY_COMPILE.build/Debug/cmTryCompileExec1021678485.build/Objects-normal/x86_64/CheckSymbolExists.dia -c /Users/lipa/fractalstream/external/FractalStreamCompiler/external/llvm/CMakeFiles/CMakeTmp/CheckSymbolExists.c -o /Users/lipa/fractalstream/external/FractalStreamCompiler/external/llvm/CMakeFiles/CMakeTmp/CMAKE_TRY_COMPILE.build/Debug/cmTryCompileExec1021678485.build/Objects-normal/x86_64/CheckSymbolExists.o
/Users/lipa/fractalstream/external/FractalStreamCompiler/external/llvm/CMakeFiles/CMakeTmp/CheckSymbolExists.c:8:19: error: use of undeclared identifier '__GLIBC__'
  return ((int*)(&__GLIBC__))[argc];
                  ^
1 error generated.



File /Users/lipa/fractalstream/external/FractalStreamCompiler/external/llvm/CMakeFiles/CMakeTmp/CheckSymbolExists.c:
/* */
#include <stdio.h>

int main(int argc, char** argv)
{
  (void)argv;
#ifndef __GLIBC__
  return ((int*)(&__GLIBC__))[argc];
#else
  (void)argc;
  return 0;
#endif
}

Performing C++ SOURCE FILE Test HAVE_ERROR_T failed with the following output:
Change Dir: /Users/lipa/fractalstream/external/FractalStreamCompiler/external/llvm/CMakeFiles/CMakeTmp

Run Build Command:/usr/local/bin/cmakexbuild -project CMAKE_TRY_COMPILE.xcodeproj build -target cmTryCompileExec3079365910 -configuration Debug
=== BUILD NATIVE TARGET cmTryCompileExec3079365910 OF PROJECT CMAKE_TRY_COMPILE WITH CONFIGURATION Debug ===
Check dependencies

CompileC CMAKE_TRY_COMPILE.build/Debug/cmTryCompileExec3079365910.build/Objects-normal/x86_64/src.o src.cxx normal x86_64 c++ com.apple.compilers.llvm.clang.1_0.compiler
    cd /Users/lipa/fractalstream/external/FractalStreamCompiler/external/llvm/CMakeFiles/CMakeTmp
    /Applications/Xcode.app/Contents/Developer/Toolchains/XcodeDefault.xctoolchain/usr/bin/clang -x c++ -arch x86_64 -fmessage-length=0 -Wno-trigraphs -fpascal-strings -O0 -Wno-missing-field-initializers -Wno-missing-prototypes -Wno-return-type -Wno-non-virtual-dtor -Wno-overloaded-virtual -Wno-exit-time-destructors -Wformat -Wno-missing-braces -Wparentheses -Wswitch -Wno-unused-function -Wno-unused-label -Wno-unused-parameter -Wno-unused-variable -Wunused-value -Wno-uninitialized -Wno-unknown-pragmas -Wno-shadow -Wno-four-char-constants -Wno-sign-compare -Wno-shorten-64-to-32 -Wno-newline-eof -Wc++11-extensions "-DCMAK** BUILD FAILED **


The following build commands failed:
	CompileC CMAKE_TRY_COMPILE.build/Debug/cmTryCompileExec3079365910.build/Objects-normal/x86_64/src.o src.cxx normal x86_64 c++ com.apple.compilers.llvm.clang.1_0.compiler
(1 failure)
E_INTDIR=\"Debug\"" -isysroot /Applications/Xcode.app/Contents/Developer/Platforms/MacOSX.platform/Developer/SDKs/MacOSX10.7.sdk -fasm-blocks -Wdeprecated-declarations -Winvalid-offsetof -mmacosx-version-min=10.7 -Wno-conversion -Wno-sign-conversion -I/Users/lipa/fractalstream/external/FractalStreamCompiler/external/llvm/CMakeFiles/CMakeTmp/Debug/include -I/Users/lipa/fractalstream/external/FractalStreamCompiler/external/llvm/CMakeFiles/CMakeTmp/CMAKE_TRY_COMPILE.build/Debug/cmTryCompileExec3079365910.build/DerivedSources/x86_64 -I/Users/lipa/fractalstream/external/FractalStreamCompiler/external/llvm/CMakeFiles/CMakeTmp/CMAKE_TRY_COMPILE.build/Debug/cmTryCompileExec3079365910.build/DerivedSources -Wmost -Wno-four-char-constants -Wno-unknown-pragmas -F/Users/lipa/fractalstream/external/FractalStreamCompiler/external/llvm/CMakeFiles/CMakeTmp/Debug -DHAVE_ERROR_T -g -MMD -MT dependencies -MF /Users/lipa/fractalstream/external/FractalStreamCompiler/external/llvm/CMakeFiles/CMakeTmp/CMAKE_TRY_COMPILE.build/Debug/cmTryCompileExec3079365910.build/Objects-normal/x86_64/src.d --serialize-diagnostics /Users/lipa/fractalstream/external/FractalStreamCompiler/external/llvm/CMakeFiles/CMakeTmp/CMAKE_TRY_COMPILE.build/Debug/cmTryCompileExec3079365910.build/Objects-normal/x86_64/src.dia -c /Users/lipa/fractalstream/external/FractalStreamCompiler/external/llvm/CMakeFiles/CMakeTmp/src.cxx -o /Users/lipa/fractalstream/external/FractalStreamCompiler/external/llvm/CMakeFiles/CMakeTmp/CMAKE_TRY_COMPILE.build/Debug/cmTryCompileExec3079365910.build/Objects-normal/x86_64/src.o
/Users/lipa/fractalstream/external/FractalStreamCompiler/external/llvm/CMakeFiles/CMakeTmp/src.cxx:3:2: error: unknown type name 'error_t'
 error_t typeVar;
 ^
1 error generated.



Source file was:

    #include<errno.h>
 error_t typeVar;
    int main() {
        return 0;
    }
    
Performing C++ SOURCE FILE Test SUPPORTS_COVERED_SWITCH_DEFAULT_FLAG failed with the following output:
Change Dir: /Users/lipa/fractalstream/external/FractalStreamCompiler/external/llvm/CMakeFiles/CMakeTmp

Run Build Command:/usr/local/bin/cmakexbuild -project CMAKE_TRY_COMPILE.xcodeproj build -target cmTryCompileExec1315229489 -configuration Debug
=== BUILD NATIVE TARGET cmTryCompileExec1315229489 OF PROJECT CMAKE_TRY_COMPILE WITH CONFIGURATION Debug ===
Check dependencies

CompileC CMAKE_TRY_COMPILE.build/Debug/cmTryCompileExec1315229489.build/Objects-normal/x86_64/src.o src.cxx normal x86_64 c++ com.apple.compilers.llvm.clang.1_0.compiler
    cd /Users/lipa/fractalstream/external/FractalStreamCompiler/external/llvm/CMakeFiles/CMakeTmp
    /Applications/Xcode.app/Contents/Developer/Toolchains/XcodeDefault.xctoolchain/usr/bin/clang -x c++ -arch x86_64 -fmessage-length=0 -Wno-trigraphs -fpascal-strings -O0 -Wno-missing-field-initializers -Wno-missing-prototypes -Wno-return-type -Wno-non-virtual-dtor -Wno-overloaded-virtual -Wno-exit-time-destructors -Wformat -Wno-missing-braces -Wparentheses -Wswitch -Wno-unused-function -Wno-unused-label -Wno-unused-parameter -Wno-unused-variable -Wunused-value -Wno-uninitialized -Wno-unknown-pragmas -Wno-shadow -Wno-four-char-constants -Wno-sign-compare -Wno-shorten-64-to-32 -Wno-newline-eof -Wc++11-extensions "-DCMAK2012-07-04 15:33:11.734 xcodebuild[89993:4103]  DVTAssertions: Warning in /SourceCache/IDEXcode3ProjectSupport/IDEXcode3ProjectSupport-1198/Xcode3Sources/XcodeIDE/Frameworks/DevToolsBase/pbxcore/Target.subproj/BuildCommandResultsPostprocessing/XCClangResultsPostprocessor.m:92
Details:  Unable to read diagnostics from file "src.dia" (Invalid File): Bad header in diagnostics file
Object:   <XCClangResultsPostprocessor: 0x4004d5120>
Method:   -postprocessResultsForCommandInvocation:
Thread:   <NSThread: 0x4004d4660>{name = (null), num = 4}
Please file a bug at http://bugreport.apple.com with this warning message and any useful information you can provide.
E_INTDIR=\"Debug\"" -isysroot /Applications/Xcode.app/Contents/Developer/Platforms/MacOSX.platform/Developer/SDKs/MacOSX10.7.sdk -fasm-blocks -Wdeprecated-declarations -Winvalid-offsetof -mmacosx-version-min=10.7 -Wno-conversion -Wno-sign-conversion -I/Users/lipa/fractalstream/external/FractalStreamCompiler/external/llvm/CMakeFiles/CMakeTmp/Debug/include -I/Users/lipa/fractalstream/external/FractalStreamCompiler/external/llvm/CMakeFiles/CMakeTmp/CMAKE_TRY_COMPILE.build/Debug/cmTryCompileExec1315229489.build/DerivedSources/x86_64 -I/Users/lipa/fractalstream/external/FractalStreamCompiler/external/llvm/CMakeFiles/CMakeTmp/CMAKE_TRY_COMPILE.build/Debug/cmTryCompileExec1315229489.build/DerivedSources -Wmost -Wno-four-char-constants -Wno-unknown-pragmas -F/Users/lipa/fractalstream/external/FractalStreamCompiler/external/llvm/CMakeFiles/CMakeTmp/Debug -DSUPPORTS_COVERED_SWITCH_DEFAULT_FLAG -g -Werror -Wcovered-switch-default -MMD -MT dependencies -MF /Users/lipa/fractalstream/external/FractalStreamCompiler/external/llvm/CMakeFiles/CMakeTmp/CMAKE_TRY_COMPILE.build/Debug/cmTryCompileExec1315229489.build/Objects-normal/x86_64/src.d --serialize-diagnostics /Users/lipa/fractalstream/external/FractalStreamCompiler/external/llvm/CMakeFiles/CMakeTmp/CMAKE_TRY_COMPILE.build/Debug/cmTryCompileExec1315229489.build/Objects-normal/x86_64/src.dia -c /Users/lipa/fractalstream/external/FractalStreamCompiler/external/llvm/CMakeFiles/CMakeTmp/src.cxx -o /Users/lipa/fractalstream/external/FractalStreamCompiler/external/llvm/CMakeFiles/CMakeTmp/CMAKE_TRY_COMPILE.build/Debug/cmTryCompileExec1315229489.build/Objects-normal/x86_64/src.o
error: unknown warning option '-Wcovered-switch-default' [-Werror,-Wunknown-warning-option]
Command /Applications/Xcode.app/Contents/Developer/Toolchains/XcodeDefault.xctoolchain/usr/bin/clang failed with exit code 1


** BUILD FAILED **


The following build commands failed:
	CompileC CMAKE_TRY_COMPILE.build/Debug/cmTryCompileExec1315229489.build/Objects-normal/x86_64/src.o src.cxx normal x86_64 c++ com.apple.compilers.llvm.clang.1_0.compiler
(1 failure)

Source file was:
int main() { return 0;}
